<?xml version="1.0" encoding="UTF-8" ?>
<testsuites>
  <testsuite errors="0" failures="0" hostname="vini-dell-7567" id="0" name="PaintingTest" package="gallery" skipped="0" tests="6" time="0.216" timestamp="2021-12-17T21:42:59">
      <properties>
[...]
</properties>

      <testcase classname="gallery.PaintingTest" name="testCompareSize" time="0.008" />

      <testcase classname="gallery.PaintingTest" name="testToString" time="0.005" />

      <testcase classname="gallery.PaintingTest" name="testCompareTo" time="0.002" />

      <testcase classname="gallery.PaintingTest" name="testValidate" time="0.029" />

      <testcase classname="gallery.PaintingTest" name="testComparePrice" time="0.001" />

      <testcase classname="gallery.PaintingTest" name="testEquals" time="0.001" />

      <system-out><![CDATA[]]></system-out>

      <system-err><![CDATA[]]></system-err>

  </testsuite>
  <testsuite errors="0" failures="0" hostname="vini-dell-7567" id="1" name="PairTest" package="gallery" skipped="0" tests="4" time="0.265" timestamp="2021-12-17T21:43:01">
      <properties>
[...]
</properties>

      <testcase classname="gallery.PairTest" name="testToString" time="0.029" />

      <testcase classname="gallery.PairTest" name="testCompareTo" time="0.001" />

      <testcase classname="gallery.PairTest" name="testValidate" time="0.04" />

      <testcase classname="gallery.PairTest" name="testEquals" time="0.001" />

      <system-out><![CDATA[]]></system-out>

      <system-err><![CDATA[]]></system-err>

  </testsuite>
</testsuites>
